<?xml version="1.0" encoding="UTF-8"?>
<testsuite name="kr.co.myproject.SpringProjectApplicationTests" tests="1" skipped="0" failures="0" errors="0" timestamp="2025-06-09T15:29:46.496Z" hostname="DESKTOP-GMNCSHV" time="0.623">
  <properties/>
  <testcase name="contextLoads()" classname="kr.co.myproject.SpringProjectApplicationTests" time="0.623"/>
  <system-out><![CDATA[00:29:44.544 [Test worker] INFO org.springframework.test.context.support.AnnotationConfigContextLoaderUtils -- Could not detect default configuration classes for test class [kr.co.myproject.SpringProjectApplicationTests]: SpringProjectApplicationTests does not declare any static, non-private, non-final, nested classes annotated with @Configuration.
00:29:44.640 [Test worker] INFO org.springframework.boot.test.context.SpringBootTestContextBootstrapper -- Found @SpringBootConfiguration kr.co.myproject.SpringProjectApplication for test class kr.co.myproject.SpringProjectApplicationTests

  .   ____          _            __ _ _
 /\\ / ___'_ __ _ _(_)_ __  __ _ \ \ \ \
( ( )\___ | '_ | '_| | '_ \/ _` | \ \ \ \
 \\/  ___)| |_)| | | | | || (_| |  ) ) ) )
  '  |____| .__|_| |_|_| |_\__, | / / / /
 =========|_|==============|___/=/_/_/_/

 :: Spring Boot ::                (v3.4.6)

2025-06-10T00:29:44.985+09:00  INFO 11480 --- [    Test worker] k.c.m.SpringProjectApplicationTests      : Starting SpringProjectApplicationTests using Java 17.0.12 with PID 11480 (started by oh yoonbeom in C:\JavaProject\Spring_JSP)
2025-06-10T00:29:44.986+09:00  INFO 11480 --- [    Test worker] k.c.m.SpringProjectApplicationTests      : No active profile set, falling back to 1 default profile: "default"
2025-06-10T00:29:45.929+09:00  INFO 11480 --- [    Test worker] r$InitializeUserDetailsManagerConfigurer : Global AuthenticationManager configured with UserDetailsService bean with name userDetailsServiceImpl
2025-06-10T00:29:46.485+09:00  INFO 11480 --- [    Test worker] k.c.m.SpringProjectApplicationTests      : Started SpringProjectApplicationTests in 1.705 seconds (process running for 2.654)
]]></system-out>
  <system-err><![CDATA[]]></system-err>
</testsuite>
