<?xml version="1.0" encoding="UTF-8"?>
<testsuite name="kr.co.myproject.SpringProjectApplicationTests" tests="1" skipped="0" failures="0" errors="0" timestamp="2025-06-15T05:07:12.617Z" hostname="DESKTOP-GMNCSHV" time="0.598">
  <properties/>
  <testcase name="contextLoads()" classname="kr.co.myproject.SpringProjectApplicationTests" time="0.598"/>
  <system-out><![CDATA[14:07:10.678 [Test worker] INFO org.springframework.test.context.support.AnnotationConfigContextLoaderUtils -- Could not detect default configuration classes for test class [kr.co.myproject.SpringProjectApplicationTests]: SpringProjectApplicationTests does not declare any static, non-private, non-final, nested classes annotated with @Configuration.
14:07:10.780 [Test worker] INFO org.springframework.boot.test.context.SpringBootTestContextBootstrapper -- Found @SpringBootConfiguration kr.co.myproject.SpringProjectApplication for test class kr.co.myproject.SpringProjectApplicationTests

  .   ____          _            __ _ _
 /\\ / ___'_ __ _ _(_)_ __  __ _ \ \ \ \
( ( )\___ | '_ | '_| | '_ \/ _` | \ \ \ \
 \\/  ___)| |_)| | | | | || (_| |  ) ) ) )
  '  |____| .__|_| |_|_| |_\__, | / / / /
 =========|_|==============|___/=/_/_/_/

 :: Spring Boot ::                (v3.4.6)

2025-06-15T14:07:11.130+09:00  INFO 18264 --- [    Test worker] k.c.m.SpringProjectApplicationTests      : Starting SpringProjectApplicationTests using Java 17.0.12 with PID 18264 (started by oh yoonbeom in C:\JavaProject\Spring_JSP)
2025-06-15T14:07:11.131+09:00  INFO 18264 --- [    Test worker] k.c.m.SpringProjectApplicationTests      : No active profile set, falling back to 1 default profile: "default"
2025-06-15T14:07:12.099+09:00  INFO 18264 --- [    Test worker] r$InitializeUserDetailsManagerConfigurer : Global AuthenticationManager configured with UserDetailsService bean with name userDetailsServiceImpl
2025-06-15T14:07:12.606+09:00  INFO 18264 --- [    Test worker] k.c.m.SpringProjectApplicationTests      : Started SpringProjectApplicationTests in 1.685 seconds (process running for 2.623)
]]></system-out>
  <system-err><![CDATA[]]></system-err>
</testsuite>
